-------------------------------------------------------------------------------
Test set: com.arcada.devops.math_calc.CalcV1Test
-------------------------------------------------------------------------------
Tests run: 7, Failures: 1, Errors: 0, Skipped: 0, Time elapsed: 0.041 s <<< FAILURE! -- in com.arcada.devops.math_calc.CalcV1Test
com.arcada.devops.math_calc.CalcV1Test.testDivisionByZero -- Time elapsed: 0.005 s <<< FAILURE!
org.opentest4j.AssertionFailedError: Division by zero should throw ArithmeticException ==> expected: <divison(/) by zero> but was: </ by zero>
	at org.junit.jupiter.api.AssertionFailureBuilder.build(AssertionFailureBuilder.java:151)
	at org.junit.jupiter.api.AssertionFailureBuilder.buildAndThrow(AssertionFailureBuilder.java:132)
	at org.junit.jupiter.api.AssertEquals.failNotEqual(AssertEquals.java:197)
	at org.junit.jupiter.api.AssertEquals.assertEquals(AssertEquals.java:182)
	at org.junit.jupiter.api.Assertions.assertEquals(Assertions.java:1156)
	at com.arcada.devops.math_calc.CalcV1Test.testDivisionByZero(CalcV1Test.java:74)
	at java.base/java.lang.reflect.Method.invoke(Method.java:580)
	at java.base/java.util.ArrayList.forEach(ArrayList.java:1597)
	at java.base/java.util.ArrayList.forEach(ArrayList.java:1597)

