<?xml version="1.0" encoding="UTF-8"?>
<testsuite xmlns:xsi="http://www.w3.org/2001/XMLSchema-instance" xsi:noNamespaceSchemaLocation="https://maven.apache.org/surefire/maven-surefire-plugin/xsd/surefire-test-report.xsd" version="3.0.1" name="com.arcada.devops.math_calc.CalcV1Test" time="0.038" tests="3" errors="0" skipped="0" failures="0">
  <properties>
[...]
</properties>
  <testcase name="testCalcAdditionIsInt" classname="com.arcada.devops.math_calc.CalcV1Test" time="0.013"/>
  <testcase name="testAdditionWithZero" classname="com.arcada.devops.math_calc.CalcV1Test" time="0.001"/>
  <testcase name="testCalcAdditionWithNegatives" classname="com.arcada.devops.math_calc.CalcV1Test" time="0.001"/>
</testsuite>