<?xml version="1.0" encoding="UTF-8"?>
<testsuite xmlns:xsi="http://www.w3.org/2001/XMLSchema-instance" xsi:noNamespaceSchemaLocation="https://maven.apache.org/surefire/maven-surefire-plugin/xsd/surefire-test-report.xsd" version="3.0.1" name="com.arcada.devops.math_calc.CalcV1Test" time="4.081" tests="5" errors="0" skipped="0" failures="0">
  <properties>
[...]
</properties>
  <testcase name="testMultiplication" classname="com.arcada.devops.math_calc.CalcV1Test" time="0.013"/>
  <testcase name="shouldAnswearTrue" classname="com.arcada.devops.math_calc.CalcV1Test" time="4.041">
    <system-out><![CDATA[Selenium Executed Succesfully!
]]></system-out>
  </testcase>
  <testcase name="testDivisionByZero" classname="com.arcada.devops.math_calc.CalcV1Test" time="0.002"/>
  <testcase name="testDivision" classname="com.arcada.devops.math_calc.CalcV1Test" time="0.001"/>
  <testcase name="testSubtraction" classname="com.arcada.devops.math_calc.CalcV1Test" time="0.0"/>
</testsuite>